(2013/4/17 18:58:20) Checking for updates
(2013/4/17 18:58:21) \cs(0,255,0)abils.xml Updated\cr
(2013/4/17 18:58:21) \cs(0,255,0)spells.xml Updated\cr
(2013/4/17 18:58:22) \cs(0,255,0)items_armor.xml Updated\cr
(2013/4/17 18:58:24) \cs(0,255,0)items_general.xml Updated\cr
(2013/4/17 18:58:25) \cs(0,255,0)items_weapons.xml Updated\cr
(2013/4/17 18:58:25) \cs(0,255,0)areas.xml Updated\cr
(2013/4/17 18:58:25) \cs(0,255,0)status.xml Updated\cr
(2013/4/17 18:58:25) Successfully Updated
(2013/4/17 19:32:5) Checking for updates
(2013/4/17 19:32:5) Successfully Updated
(2013/4/17 19:53:0) Checking for updates
(2013/4/17 19:53:0) Successfully Updated
(2013/4/18 22:39:27) Checking for updates
(2013/4/18 22:39:28) Successfully Updated
(2013/4/19 18:34:34) Checking for updates
(2013/4/19 18:34:35) Successfully Updated
(2013/4/21 11:41:12) Checking for updates
(2013/4/21 11:41:12) Successfully Updated
(2013/4/24 6:12:11) Checking for updates
(2013/4/24 6:12:13) Successfully Updated
(2013/4/24 8:35:12) Checking for updates
(2013/4/24 8:35:12) Successfully Updated
(2013/4/30 11:49:26) Checking for updates
(2013/4/30 11:49:27) Successfully Updated
(2013/4/30 17:1:11) Checking for updates
(2013/4/30 17:1:12) Successfully Updated
(2013/5/3 0:16:55) Checking for updates
(2013/5/3 0:16:56) \cs(0,255,0)abils.xml Updated\cr
(2013/5/3 0:16:56) \cs(0,255,0)spells.xml Updated\cr
(2013/5/3 0:16:58) \cs(0,255,0)items_armor.xml Updated\cr
(2013/5/3 0:16:59) \cs(0,255,0)items_general.xml Updated\cr
(2013/5/3 0:17:1) \cs(0,255,0)items_weapons.xml Updated\cr
(2013/5/3 0:17:1) \cs(0,255,0)areas.xml Updated\cr
(2013/5/3 0:17:1) \cs(0,255,0)status.xml Updated\cr
(2013/5/3 0:17:1) Successfully Updated
(2013/5/4 10:30:31) Checking for updates
(2013/5/4 10:30:31) Successfully Updated
(2013/5/4 13:2:33) Checking for updates
(2013/5/4 13:2:33) Successfully Updated
(2013/5/5 0:26:40) Checking for updates
(2013/5/5 0:26:40) Successfully Updated
(2013/5/7 21:26:51) Checking for updates
(2013/5/7 21:26:51) Successfully Updated
(2013/5/8 22:31:46) Checking for updates
(2013/5/8 22:31:46) Successfully Updated
(2013/5/9 23:40:4) Checking for updates
(2013/5/9 23:40:4) Successfully Updated
(2013/5/10 1:48:28) Checking for updates
(2013/5/10 1:48:28) Successfully Updated
(2013/5/11 12:24:22) Checking for updates
(2013/5/11 12:24:23) Successfully Updated
(2013/5/11 22:55:37) Checking for updates
(2013/5/11 22:55:37) Successfully Updated
(2013/5/14 0:20:39) Checking for updates
(2013/5/14 0:20:39) Successfully Updated
(2013/5/14 19:59:46) Checking for updates
(2013/5/14 19:59:46) Successfully Updated
(2013/5/16 7:2:24) Checking for updates
(2013/5/16 7:2:24) Successfully Updated
(2013/5/16 21:39:18) Checking for updates
(2013/5/16 21:39:19) Successfully Updated
(2013/5/17 21:10:25) Checking for updates
(2013/5/17 21:10:25) Successfully Updated
(2013/5/20 22:50:19) Checking for updates
(2013/5/20 22:50:19) Successfully Updated
(2013/5/21 21:0:42) Checking for updates
(2013/5/21 21:0:43) Successfully Updated
(2013/5/21 21:30:23) Checking for updates
(2013/5/21 21:30:23) Successfully Updated
(2013/5/21 23:30:11) Checking for updates
(2013/5/21 23:30:11) Successfully Updated
(2013/5/22 23:2:33) Checking for updates
(2013/5/22 23:2:33) Successfully Updated
(2013/5/22 23:19:30) Checking for updates
(2013/5/22 23:19:30) Successfully Updated
(2013/5/24 0:9:27) Checking for updates
(2013/5/24 0:9:27) Successfully Updated
(2013/5/25 13:3:59) Checking for updates
(2013/5/25 13:3:59) Successfully Updated
(2013/5/26 8:59:40) Checking for updates
(2013/5/26 8:59:41) Successfully Updated
(2013/5/26 15:6:4) Checking for updates
(2013/5/26 15:6:5) Successfully Updated
(2013/5/27 15:59:40) Checking for updates
(2013/5/27 15:59:40) Successfully Updated
(2013/5/28 21:52:50) Checking for updates
(2013/5/28 21:52:57) Successfully Updated
(2013/5/29 21:18:14) Checking for updates
(2013/5/29 21:18:15) Successfully Updated
(2013/5/30 22:26:42) Checking for updates
(2013/5/30 22:26:42) Successfully Updated
(2013/5/31 18:41:47) Checking for updates
(2013/5/31 18:41:47) Successfully Updated
(2013/6/2 18:29:50) Checking for updates
(2013/6/2 18:29:50) Successfully Updated
(2013/6/2 19:23:56) Checking for updates
(2013/6/2 19:23:56) Successfully Updated
(2013/6/2 22:35:56) Checking for updates
(2013/6/2 22:35:57) Successfully Updated
(2013/6/3 20:12:11) Checking for updates
(2013/6/3 20:12:11) Successfully Updated
(2013/6/4 19:19:40) Checking for updates
(2013/6/4 19:19:40) Successfully Updated
(2013/6/5 0:29:2) Checking for updates
(2013/6/5 0:29:2) Successfully Updated
(2013/6/5 0:31:43) Checking for updates
(2013/6/5 0:31:43) Successfully Updated
(2013/6/5 0:33:40) Checking for updates
(2013/6/5 0:33:40) Successfully Updated
(2013/6/5 1:34:38) Checking for updates
(2013/6/5 1:34:38) Successfully Updated
(2013/6/5 9:7:0) Checking for updates
(2013/6/5 9:7:1) Successfully Updated
(2013/6/5 21:1:9) Checking for updates
(2013/6/5 21:1:9) Successfully Updated
(2013/6/6 0:20:9) Checking for updates
(2013/6/6 0:20:10) Successfully Updated
(2013/6/6 0:37:5) Checking for updates
(2013/6/6 0:37:5) Successfully Updated
(2013/6/6 22:7:43) Checking for updates
(2013/6/6 22:7:43) Successfully Updated
(2013/6/7 9:20:16) Checking for updates
(2013/6/7 9:20:16) Successfully Updated
(2013/6/8 0:28:0) Checking for updates
(2013/6/8 0:28:0) Successfully Updated
(2013/6/8 9:38:59) Checking for updates
(2013/6/8 9:39:0) Successfully Updated
(2013/6/8 13:29:7) Checking for updates
(2013/6/8 13:29:7) Successfully Updated
(2013/6/11 0:6:38) Checking for updates
(2013/6/11 0:6:39) Successfully Updated
(2013/6/16 12:45:47) Checking for updates
(2013/6/16 12:45:47) Successfully Updated
(2013/6/18 22:32:13) Checking for updates
(2013/6/18 22:32:13) Successfully Updated
(2013/6/23 17:6:38) Checking for updates
(2013/6/23 17:6:38) Successfully Updated
(2013/6/25 23:40:44) Checking for updates
(2013/6/25 23:40:44) Successfully Updated
(2013/6/28 1:55:9) Checking for updates
(2013/6/28 1:55:9) Successfully Updated
(2013/7/7 15:57:39) Checking for updates
(2013/7/7 15:57:40) Successfully Updated
(2013/7/7 16:10:0) Checking for updates
(2013/7/7 16:10:1) Successfully Updated
(2013/7/7 16:20:52) Checking for updates
(2013/7/7 16:20:53) Successfully Updated
(2013/7/17 22:37:34) Checking for updates
(2013/7/17 22:37:36) \cs(0,255,0)abils.xml Updated\cr
(2013/7/17 22:37:36) \cs(0,255,0)spells.xml Updated\cr
(2013/7/17 22:37:37) \cs(0,255,0)items_armor.xml Updated\cr
(2013/7/17 22:37:38) \cs(0,255,0)items_general.xml Updated\cr
(2013/7/17 22:37:39) \cs(0,255,0)items_weapons.xml Updated\cr
(2013/7/17 22:37:39) \cs(0,255,0)areas.xml Updated\cr
(2013/7/17 22:37:39) \cs(0,255,0)status.xml Updated\cr
(2013/7/17 22:37:39) Successfully Updated
