[10:37:57 PM] 5460:<17145> Attempting to auto load XML.
[10:37:57 PM] 5460:<0> Checking: Kwame/PUP_DNC
[10:37:57 PM] 5460:<0> Loading filename: Kwame/PUP_DNC.xml
[10:37:57 PM] 5460:<0> Checking: Kwame/PUP
[10:37:57 PM] 5460:<0> Loading filename: Kwame/PUP.xml
[10:37:57 PM] 5460:<0> Checking: Kwame_PUP_DNC
[10:37:57 PM] 5460:<0> Loading filename: Kwame_PUP_DNC.xml
[10:37:57 PM] 5460:<0> Checking: Kwame_PUP
[10:37:57 PM] 5460:<0> Loading filename: Kwame_PUP.xml
[10:37:57 PM] 5460:<0> Checking: PUP_DNC
[10:37:57 PM] 5460:<0> Loading filename: PUP_DNC.xml
[10:37:57 PM] 5460:<0> Checking: PUP
[10:37:57 PM] 5460:<0> Loading filename: PUP.xml
[10:37:57 PM] 5460:<0> Checking: Kwame/default.xml
[10:37:57 PM] 5460:<0> Loading filename: Kwame/default.xml
[10:37:57 PM] 5460:<0> Checking: Kwame
[10:37:57 PM] 5460:<0> Loading filename: Kwame.xml
[10:37:57 PM] 5460:<15> Valid XML. Checking for Validity
[10:37:57 PM] 5460:<0> Documented Kwame.xml loaded successfully!
[10:37:57 PM] 5460:<0> Writing to Console: SpellCast: Kwame.xml Loaded Successfully
